<?xml version="1.0" encoding="UTF-8"?>
<!-- Generated by org.testng.reporters.JUnitReportReporter -->
<testsuite hostname="DESKTOP-5D6FQ8B" failures="0" tests="1" name="_11_Screenshots.Screenshot" time="20.633" errors="0" timestamp="2022-10-06T23:03:26 IST" skipped="0">
  <testcase classname="_11_Screenshots.Screenshot" name="TC" time="20.633"/>
  <system-out/>
</testsuite> <!-- _11_Screenshots.Screenshot -->
