<?xml version="1.0" encoding="UTF-8"?>
<!-- Generated by org.testng.reporters.JUnitReportReporter -->
<testsuite hostname="DESKTOP-5D6FQ8B" failures="0" tests="9" name="_3_All_Attributes._5_InvocationCount" time="0.024" errors="0" timestamp="2022-10-03T23:16:31 IST" skipped="0">
  <testcase classname="_3_All_Attributes._5_InvocationCount" name="testcase4" time="0.001"/>
  <system-out/>
  <testcase classname="_3_All_Attributes._5_InvocationCount" name="testcase5" time="0.001"/>
  <system-out/>
  <testcase classname="_3_All_Attributes._5_InvocationCount" name="testcase3" time="0.002"/>
  <system-out/>
  <testcase classname="_3_All_Attributes._5_InvocationCount" name="testcase4" time="0.001"/>
  <system-out/>
  <testcase classname="_3_All_Attributes._5_InvocationCount" name="testcase2" time="0.002"/>
  <system-out/>
  <testcase classname="_3_All_Attributes._5_InvocationCount" name="testcase4" time="0.002"/>
  <system-out/>
  <testcase classname="_3_All_Attributes._5_InvocationCount" name="testcase4" time="0.002"/>
  <system-out/>
  <testcase classname="_3_All_Attributes._5_InvocationCount" name="testcase4" time="0.001"/>
  <system-out/>
  <testcase classname="_3_All_Attributes._5_InvocationCount" name="testcase1" time="0.012"/>
  <system-out/>
</testsuite> <!-- _3_All_Attributes._5_InvocationCount -->
