<?xml version="1.0" encoding="UTF-8"?>
<!-- Generated by org.testng.reporters.JUnitReportReporter -->
<testsuite hostname="DESKTOP-5D6FQ8B" failures="0" tests="2" name="_3_All_Attributes._6_Groups" time="0.010" errors="0" timestamp="2022-10-03T23:38:39 IST" skipped="0">
  <testcase classname="_3_All_Attributes._6_Groups" name="testcase3" time="0.001"/>
  <system-out/>
  <testcase classname="_3_All_Attributes._6_Groups" name="testcase1" time="0.009"/>
  <system-out/>
</testsuite> <!-- _3_All_Attributes._6_Groups -->
