<?xml version="1.0" encoding="UTF-8"?>
<!-- Generated by org.testng.reporters.JUnitReportReporter -->
<testsuite hostname="DESKTOP-5D6FQ8B" failures="0" tests="1" name="_12_DatePicker.datePicker" time="13.663" errors="0" timestamp="2022-10-06T23:41:47 IST" skipped="0">
  <testcase classname="_12_DatePicker.datePicker" name="dateChoose" time="13.663"/>
  <system-out/>
</testsuite> <!-- _12_DatePicker.datePicker -->
