<?xml version="1.0" encoding="UTF-8"?>
<!-- Generated by org.testng.reporters.JUnitReportReporter -->
<testsuite hostname="DESKTOP-5D6FQ8B" failures="0" tests="5" name="_3_Priority.priority" time="0.023" errors="0" timestamp="2022-10-03T22:53:23 IST" skipped="0">
  <testcase classname="_3_Priority.priority" name="testcase3" time="0.016"/>
  <system-out/>
  <testcase classname="_3_Priority.priority" name="testcase4" time="0.002"/>
  <system-out/>
  <testcase classname="_3_Priority.priority" name="testcase1" time="0.002"/>
  <system-out/>
  <testcase classname="_3_Priority.priority" name="testcase2" time="0.001"/>
  <system-out/>
  <testcase classname="_3_Priority.priority" name="testcase5" time="0.002"/>
  <system-out/>
</testsuite> <!-- _3_Priority.priority -->
