<?xml version="1.0" encoding="UTF-8"?>
<!-- Generated by org.testng.reporters.JUnitReportReporter -->
<testsuite hostname="DESKTOP-5D6FQ8B" failures="0" tests="2" name="_5_Parallel.Parallel" time="32.352" errors="0" timestamp="2022-10-04T01:07:25 IST" skipped="0">
  <testcase classname="_5_Parallel.Parallel" name="tc1" time="16.176"/>
  <system-out/>
  <testcase classname="_5_Parallel.Parallel" name="tc2" time="16.176"/>
  <system-out/>
</testsuite> <!-- _5_Parallel.Parallel -->
