<?xml version="1.0" encoding="UTF-8"?>
<!-- Generated by org.testng.reporters.JUnitReportReporter -->
<testsuite hostname="DESKTOP-5D6FQ8B" failures="0" tests="4" name="_3_All_Attributes._4_Ignore_Enabled_True_False" time="0.015" errors="0" timestamp="2022-10-03T23:09:09 IST" skipped="1">
  <testcase classname="_3_All_Attributes._4_Ignore_Enabled_True_False" name="testcase4" time="0.002"/>
  <system-out/>
  <testcase classname="_3_All_Attributes._4_Ignore_Enabled_True_False" name="testcase2" time="0.001"/>
  <system-out/>
  <testcase classname="_3_All_Attributes._4_Ignore_Enabled_True_False" name="testcase1" time="0.012"/>
  <system-out/>
  <testcase classname="_3_All_Attributes._4_Ignore_Enabled_True_False" name="testcase5">
    <skipped/>
  </testcase> <!-- testcase5 -->
  <system-out/>
</testsuite> <!-- _3_All_Attributes._4_Ignore_Enabled_True_False -->
